Array
(
    [session_userID] => 1
    [get_folderID] => 4
)
Array
(
    [folder_check_rowCount] => 1
)
Array
(
    [found_materials] => 0
)
[2025-06-03 21:16:20] Attempting database connection (attempt 1 of 3)
[2025-06-03 21:16:20] Connection attempt 1 failed: could not find driver
[2025-06-03 21:16:22] Attempting database connection (attempt 2 of 3)
[2025-06-03 21:16:22] Connection attempt 2 failed: could not find driver
[2025-06-03 21:16:24] Attempting database connection (attempt 3 of 3)
[2025-06-03 21:16:24] Connection attempt 3 failed: could not find driver
[2025-06-03 21:16:24] All connection attempts failed. Last error: could not find driver
[2025-06-03 21:16:26] Attempting database connection (attempt 1 of 3)
[2025-06-03 21:16:26] Connection attempt 1 failed: could not find driver
[2025-06-03 21:16:28] Attempting database connection (attempt 2 of 3)
[2025-06-03 21:16:28] Connection attempt 2 failed: could not find driver
[2025-06-03 21:16:30] Attempting database connection (attempt 3 of 3)
[2025-06-03 21:16:30] Connection attempt 3 failed: could not find driver
[2025-06-03 21:16:30] All connection attempts failed. Last error: could not find driver
[2025-06-03 21:18:56] Attempting database connection (attempt 1 of 3)
[2025-06-03 21:18:56] Database connection successful
[2025-06-03 21:19:02] Attempting database connection (attempt 1 of 3)
[2025-06-03 21:19:02] Database connection successful
[2025-06-03 21:19:05] Attempting database connection (attempt 1 of 3)
[2025-06-03 21:19:05] Database connection successful
[2025-06-03 21:26:57] Attempting database connection (attempt 1 of 3)
[2025-06-03 21:26:57] Database connection successful
[2025-06-03 21:31:32] Attempting database connection (attempt 1 of 3)
[2025-06-03 21:31:32] Database connection successful
[2025-06-03 21:34:50] Attempting database connection (attempt 1 of 3)
[2025-06-03 21:34:50] Database connection successful
